<?xml version="1.0" encoding="UTF-8"?>
<testng-results skipped="0" failed="0" ignored="0" total="1" passed="1">
  <reporter-output>
  </reporter-output>
  <suite name="Default suite" duration-ms="12229" started-at="2020-05-20T00:33:14 EDT" finished-at="2020-05-20T00:33:26 EDT">
    <groups>
    </groups>
    <test name="Default test" duration-ms="12229" started-at="2020-05-20T00:33:14 EDT" finished-at="2020-05-20T00:33:26 EDT">
      <class name="TestCases.T001_Screenshot">
        <test-method status="PASS" signature="browserSetUp()[pri:0, instance:TestCases.T001_Screenshot@5e853265]" name="browserSetUp" is-config="true" duration-ms="7314" started-at="2020-05-20T00:33:14 EDT" finished-at="2020-05-20T00:33:21 EDT">
          <reporter-output>
          </reporter-output>
        </test-method> <!-- browserSetUp -->
        <test-method status="PASS" signature="screenShot()[pri:0, instance:TestCases.T001_Screenshot@5e853265]" name="screenShot" duration-ms="1657" started-at="2020-05-20T00:33:21 EDT" finished-at="2020-05-20T00:33:23 EDT">
          <reporter-output>
          </reporter-output>
        </test-method> <!-- screenShot -->
        <test-method status="PASS" signature="tearDown()[pri:0, instance:TestCases.T001_Screenshot@5e853265]" name="tearDown" is-config="true" duration-ms="3205" started-at="2020-05-20T00:33:23 EDT" finished-at="2020-05-20T00:33:26 EDT">
          <reporter-output>
          </reporter-output>
        </test-method> <!-- tearDown -->
      </class> <!-- TestCases.T001_Screenshot -->
    </test> <!-- Default test -->
  </suite> <!-- Default suite -->
</testng-results>
